\BOOKMARK [2][-]{subsection.0.1}{\376\377\144\130\211\201}{}% 1
\BOOKMARK [1][-]{section.1}{\376\377\137\025\212\000}{}% 2
\BOOKMARK [1][-]{section.2}{\376\377\213\276\213\241\166\356\150\007}{}% 3
\BOOKMARK [1][-]{section.3}{\376\377\133\236\163\260\145\271\137\017}{}% 4
\BOOKMARK [1][-]{section.4}{\376\377\127\372\147\054\165\065\215\357\152\041\127\127\165\065\215\357\123\237\164\006}{}% 5
\BOOKMARK [2][-]{subsection.4.1}{\376\377\152\041\142\337\165\065\215\357\152\041\127\127}{section.4}% 6
\BOOKMARK [2][-]{subsection.4.2}{\376\377\145\160\133\127\165\065\215\357\152\041\127\127}{section.4}% 7
\BOOKMARK [1][-]{section.5}{\376\377\152\041\142\337\165\065\215\357\116\377\167\037\176\323\147\234}{}% 8
\BOOKMARK [2][-]{subsection.5.1}{\376\377\0005\000V\172\063\123\213\165\065\215\357}{section.5}% 9
\BOOKMARK [2][-]{subsection.5.2}{\376\377\153\143\215\037\165\065\156\220\165\065\215\357}{section.5}% 10
\BOOKMARK [2][-]{subsection.5.3}{\376\377\156\051\136\246\155\113\221\317\165\065\215\357}{section.5}% 11
\BOOKMARK [2][-]{subsection.5.4}{\376\377\160\355\221\312\165\065\155\113\221\317\165\065\215\357}{section.5}% 12
\BOOKMARK [1][-]{section.6}{\376\377\165\065\215\357\144\055\136\372\116\016\133\236\155\113\176\323\147\234}{}% 13
\BOOKMARK [2][-]{subsection.6.1}{\376\377\152\041\142\337\165\065\215\357\152\041\127\127}{section.6}% 14
\BOOKMARK [2][-]{subsection.6.2}{\376\377\145\160\133\127\165\065\215\357\152\041\127\127}{section.6}% 15
\BOOKMARK [2][-]{subsection.6.3}{\376\377\176\374\124\010\214\003\213\325}{section.6}% 16
\BOOKMARK [1][-]{section.7}{\376\377\133\236\232\214\116\055\165\065\215\357\121\372\163\260\166\204\225\356\230\230\116\345\123\312\123\237\126\340\122\006\147\220}{}% 17
\BOOKMARK [1][-]{section.8}{\376\377\230\171\166\356\166\204\145\071\217\333\145\271\124\021}{}% 18
\BOOKMARK [2][-]{subsection.8.1}{\376\377\152\041\142\337\165\065\215\357\220\350\122\006}{section.8}% 19
\BOOKMARK [2][-]{subsection.8.2}{\376\377\145\160\133\127\165\065\215\357\220\350\122\006}{section.8}% 20
